2025-09-27 19:34:21,933 - INFO - Initialized CSV log file: video_upload_log.csv
2025-09-27 19:34:21,935 - INFO - ==================================================
2025-09-27 19:34:21,936 - INFO - BlockScroll YouTube Auto-Uploader Starting...
2025-09-27 19:34:21,936 - INFO - ==================================================
2025-09-27 19:34:21,936 - INFO - Current IST time: 2025-09-27 19:34:21
2025-09-27 19:34:21,936 - INFO - Next upload scheduled: 2025-09-27 19:35:00 IST
2025-09-27 19:34:21,936 - INFO - Scheduled upload at 07:30 IST daily
2025-09-27 19:34:21,937 - INFO - Scheduled upload at 12:00 IST daily
2025-09-27 19:34:21,937 - INFO - Scheduled upload at 19:35 IST daily
2025-09-27 19:34:21,938 - INFO - YouTube Scheduler started
2025-09-27 19:34:21,938 - INFO - YouTube Scheduler started successfully!
2025-09-27 19:34:21,938 - INFO - Current IST time: 2025-09-27 19:34:21
2025-09-27 19:34:21,938 - INFO - SUCCESS: BlockScroll app started successfully!
2025-09-27 19:34:21,939 - INFO - SCHEDULE: Uploads at 7:30 AM, 12:00 PM, 7:00 PM IST
2025-09-27 19:34:21,939 - INFO - STATUS: App will run continuously. Press Ctrl+C to stop.
2025-09-27 19:35:06,940 - INFO - Starting video generation and upload for 19:35 IST
2025-09-27 19:35:06,940 - INFO - Generating video...
2025-09-27 19:35:20,102 - INFO - Received signal 2, shutting down gracefully...
2025-09-27 19:35:20,103 - INFO - Stopping BlockScroll app...
2025-09-27 19:35:25,116 - INFO - Received signal 2, shutting down gracefully...
2025-09-27 19:35:25,117 - INFO - Stopping BlockScroll app...
2025-09-27 19:35:30,132 - INFO - YouTube Scheduler stopped
2025-09-27 19:35:30,133 - INFO - SUCCESS: BlockScroll app stopped successfully!
2025-09-27 19:35:48,433 - INFO - ==================================================
2025-09-27 19:35:48,433 - INFO - BlockScroll YouTube Auto-Uploader Starting...
2025-09-27 19:35:48,433 - INFO - ==================================================
2025-09-27 19:35:48,434 - INFO - Current IST time: 2025-09-27 19:35:48
2025-09-27 19:35:48,434 - INFO - Next upload scheduled: 2025-09-28 07:30:00 IST
2025-09-27 19:35:48,434 - INFO - Scheduled upload at 07:30 IST daily
2025-09-27 19:35:48,434 - INFO - Scheduled upload at 12:00 IST daily
2025-09-27 19:35:48,434 - INFO - Scheduled upload at 19:35 IST daily
2025-09-27 19:35:48,435 - INFO - YouTube Scheduler started
2025-09-27 19:35:48,435 - INFO - YouTube Scheduler started successfully!
2025-09-27 19:35:48,435 - INFO - Current IST time: 2025-09-27 19:35:48
2025-09-27 19:35:48,436 - INFO - SUCCESS: BlockScroll app started successfully!
2025-09-27 19:35:48,436 - INFO - SCHEDULE: Uploads at 7:30 AM, 12:00 PM, 7:00 PM IST
2025-09-27 19:35:48,436 - INFO - STATUS: App will run continuously. Press Ctrl+C to stop.
2025-09-27 19:36:10,232 - INFO - Received signal 2, shutting down gracefully...
2025-09-27 19:36:10,232 - INFO - Stopping BlockScroll app...
2025-09-27 19:36:15,244 - INFO - YouTube Scheduler stopped
2025-09-27 19:36:15,245 - INFO - SUCCESS: BlockScroll app stopped successfully!
2025-09-27 19:38:09,138 - INFO - ==================================================
2025-09-27 19:38:09,139 - INFO - BlockScroll YouTube Auto-Uploader Starting...
2025-09-27 19:38:09,139 - INFO - ==================================================
2025-09-27 19:38:09,139 - INFO - Current IST time: 2025-09-27 19:38:09
2025-09-27 19:38:09,140 - INFO - Next upload scheduled: 2025-09-28 07:30:00 IST
2025-09-27 19:38:09,140 - INFO - Scheduled upload at 07:30 IST daily
2025-09-27 19:38:09,140 - INFO - Scheduled upload at 12:00 IST daily
2025-09-27 19:38:09,141 - INFO - Scheduled upload at 19:35 IST daily
2025-09-27 19:38:09,141 - INFO - YouTube Scheduler started
2025-09-27 19:38:09,142 - INFO - YouTube Scheduler started successfully!
2025-09-27 19:38:09,142 - INFO - Current IST time: 2025-09-27 19:38:09
2025-09-27 19:38:09,142 - INFO - SUCCESS: BlockScroll app started successfully!
2025-09-27 19:38:09,142 - INFO - SCHEDULE: Uploads at 7:30 AM, 12:00 PM, 7:00 PM IST
2025-09-27 19:38:09,142 - INFO - STATUS: App will run continuously. Press Ctrl+C to stop.
2025-09-27 19:38:24,143 - INFO - Status: Scheduler is running. Next upload in 11h 51m at 07:30 IST
2025-09-27 19:38:39,144 - INFO - Status: Scheduler is running. Next upload in 11h 51m at 07:30 IST
2025-09-27 19:38:54,145 - INFO - Status: Scheduler is running. Next upload in 11h 51m at 07:30 IST
2025-09-27 19:39:00,306 - INFO - Received signal 2, shutting down gracefully...
2025-09-27 19:39:00,307 - INFO - Stopping BlockScroll app...
2025-09-27 19:39:05,308 - INFO - YouTube Scheduler stopped
2025-09-27 19:39:05,308 - INFO - SUCCESS: BlockScroll app stopped successfully!
